(node:3012) ExperimentalWarning: CommonJS module C:\Users\Dell\AppData\Roaming\npm\node_modules\npm\node_modules\debug\src\node.js is loading ES Module C:\Users\Dell\AppData\Roaming\npm\node_modules\npm\node_modules\supports-color\index.js using require().
Support for loading ES Module in require() is an experimental feature and might change at any time
(Use `node --trace-warnings ...` to show where the warning was created)
[96msrc/screens/HomeScreen.tsx[0m:[93m12[0m:[93m32[0m - [91merror[0m[90m TS2307: [0mCannot find module 'expo-linear-gradient' or its corresponding type declarations.

[7m12[0m import { LinearGradient } from 'expo-linear-gradient';
[7m  [0m [91m                               ~~~~~~~~~~~~~~~~~~~~~~[0m

[96msrc/screens/HomeScreen.tsx[0m:[93m13[0m:[93m25[0m - [91merror[0m[90m TS2307: [0mCannot find module '../components/BrandHeader' or its corresponding type declarations.

[7m13[0m import BrandHeader from '../components/BrandHeader';
[7m  [0m [91m                        ~~~~~~~~~~~~~~~~~~~~~~~~~~~[0m

[96msrc/screens/HomeScreen.tsx[0m:[93m14[0m:[93m33[0m - [91merror[0m[90m TS2307: [0mCannot find module '../theme/designSystem' or its corresponding type declarations.

[7m14[0m import { colors, spacing } from '../theme/designSystem';
[7m  [0m [91m                                ~~~~~~~~~~~~~~~~~~~~~~~[0m

[96msrc/screens/HomeScreen.tsx[0m:[93m15[0m:[93m26[0m - [91merror[0m[90m TS2307: [0mCannot find module '@expo/vector-icons' or its corresponding type declarations.

[7m15[0m import { Ionicons } from '@expo/vector-icons';
[7m  [0m [91m                         ~~~~~~~~~~~~~~~~~~~~[0m


Found 4 errors in the same file, starting at: src/screens/HomeScreen.tsx[90m:12[0m

